[02:32:01] [ServerMain/INFO]: [bootstrap] Running Java 21 (OpenJDK 64-Bit Server VM 21.0.8+9-Ubuntu-0ubuntu124.04.1; Ubuntu null) on Linux 6.8.0-1030-azure (amd64)
[02:32:01] [ServerMain/INFO]: [bootstrap] Loading Paper 1.21.8-6-main@782ce95 (2025-07-18T20:26:58Z) for Minecraft 1.21.8
[02:32:01] [ServerMain/INFO]: [PluginInitializerManager] Initializing plugins...
[02:32:02] [ServerMain/INFO]: [PluginInitializerManager] Initialized 2 plugins
[02:32:02] [ServerMain/INFO]: [PluginInitializerManager] Bukkit plugins (2):
 - LuckPerms (5.5.10), voicechat (2.5.35)
[02:32:07] [ServerMain/INFO]: Environment: Environment[sessionHost=https://sessionserver.mojang.com, servicesHost=https://api.minecraftservices.com, name=PROD]
[02:32:09] [ServerMain/INFO]: Loaded 1407 recipes
[02:32:09] [ServerMain/INFO]: Loaded 1520 advancements
[02:32:09] [ServerMain/INFO]: [ca.spottedleaf.dataconverter.minecraft.datatypes.MCTypeRegistry] Initialising converters for DataConverter...
[02:32:09] [ServerMain/INFO]: [ca.spottedleaf.dataconverter.minecraft.datatypes.MCTypeRegistry] Finished initialising converters for DataConverter in 360.5ms
[02:32:09] [Server thread/INFO]: Starting minecraft server version 1.21.8
[02:32:09] [Server thread/INFO]: Loading properties
[02:32:09] [Server thread/INFO]: This server is running Paper version 1.21.8-6-main@782ce95 (2025-07-18T20:26:58Z) (Implementing API version 1.21.8-R0.1-SNAPSHOT)
[02:32:09] [Server thread/INFO]: [spark] This server bundles the spark profiler. For more information please visit https://docs.papermc.io/paper/profiling
[02:32:09] [Server thread/INFO]: Server Ping Player Sample Count: 12
[02:32:09] [Server thread/INFO]: Using 4 threads for Netty based IO
[02:32:10] [Server thread/INFO]: [MoonriseCommon] Paper is using 1 worker threads, 1 I/O threads
[02:32:10] [Server thread/INFO]: [ChunkTaskScheduler] Chunk system is using population gen parallelism: true
[02:32:12] [Server thread/INFO]: Default game type: SURVIVAL
[02:32:12] [Server thread/INFO]: Generating keypair
[02:32:12] [Server thread/INFO]: Starting Minecraft server on *:25565
[02:32:12] [Server thread/INFO]: Using epoll channel type
[02:32:12] [Server thread/INFO]: Paper: Using libdeflate (Linux x86_64) compression from Velocity.
[02:32:12] [Server thread/INFO]: Paper: Using OpenSSL 3.x.x (Linux x86_64) cipher from Velocity.
[02:32:12] [Server thread/INFO]: [voicechat] Loading server plugin voicechat v2.5.35
[02:32:12] [Server thread/INFO]: [LuckPerms] Loading server plugin LuckPerms v5.5.10
[02:32:13] [Server thread/INFO]: [LuckPerms] Loading configuration...
[02:32:13] [Server thread/INFO]: Server permissions file permissions.yml is empty, ignoring it
[02:32:13] [Server thread/INFO]: [LuckPerms] Enabling LuckPerms v5.5.10
[02:32:13] [Server thread/INFO]:         __    
[02:32:13] [Server thread/INFO]:   |    |__)   LuckPerms v5.5.10
[02:32:13] [Server thread/INFO]:   |___ |      Running on Bukkit - Paper
[02:32:13] [Server thread/INFO]: 
[02:32:13] [Server thread/INFO]: [LuckPerms] Loading storage provider... [H2]
[02:32:14] [Server thread/INFO]: [LuckPerms] Loading internal permission managers...
[02:32:14] [Server thread/INFO]: [LuckPerms] Performing initial data load...
[02:32:14] [Server thread/INFO]: [LuckPerms] Successfully enabled. (took 1281ms)
[02:32:14] [Server thread/WARN]: **** SERVER IS RUNNING IN OFFLINE/INSECURE MODE!
[02:32:14] [Server thread/WARN]: The server will make no attempt to authenticate usernames. Beware.
[02:32:14] [Server thread/WARN]: While this makes the game possible to play without internet access, it also opens up the ability for hackers to connect with any username they choose.
[02:32:14] [Server thread/WARN]: To change this, set "online-mode" to "true" in the server.properties file.
[02:32:14] [Server thread/INFO]: Preparing level "world"
[02:32:15] [Server thread/INFO]: Preparing start region for dimension minecraft:overworld
[02:32:16] [Server thread/INFO]: Preparing spawn area: 0%
[02:32:16] [Server thread/INFO]: Preparing spawn area: 0%
[02:32:16] [Server thread/INFO]: Preparing spawn area: 0%
[02:32:17] [Server thread/INFO]: Preparing spawn area: 2%
[02:32:17] [Server thread/INFO]: Preparing spawn area: 2%
[02:32:17] [Server thread/INFO]: Time elapsed: 2246 ms
[02:32:17] [Server thread/INFO]: Preparing start region for dimension minecraft:the_nether
[02:32:17] [Server thread/INFO]: Preparing spawn area: 0%
[02:32:17] [Server thread/INFO]: Preparing spawn area: 79%
[02:32:18] [Server thread/INFO]: Time elapsed: 598 ms
[02:32:18] [Server thread/INFO]: Preparing start region for dimension minecraft:the_end
[02:32:18] [Server thread/INFO]: Preparing spawn area: 0%
[02:32:18] [Server thread/INFO]: Time elapsed: 236 ms
[02:32:18] [Server thread/INFO]: [voicechat] Enabling voicechat v2.5.35
[02:32:18] [Server thread/INFO]: [voicechat] Initializing compatibility for version 1.21.8-R0.1
[02:32:18] [Server thread/INFO]: [voicechat] Compatibility version 18
[02:32:18] [Server thread/INFO]: [voicechat] Successfully initialized commodore command completion
[02:32:18] [Server thread/INFO]: [spark] Starting background profiler...
[02:32:19] [Server thread/INFO]: Done preparing level "world" (5.202s)
[02:32:19] [Server thread/INFO]: Running delayed init tasks
[02:32:19] [Server thread/INFO]: Done (20.280s)! For help, type "help"
[02:32:19] [Server thread/INFO]: [voicechat] Loading plugins
[02:32:19] [Server thread/INFO]: [voicechat] Loaded 0 plugin(s)
[02:32:19] [Server thread/INFO]: [voicechat] Initializing plugins
[02:32:19] [Server thread/INFO]: [voicechat] Initialized 0 plugin(s)
[02:32:19] [Server thread/WARN]: [voicechat] Running in offline mode - Voice chat encryption is not secure!
[02:32:19] [VoiceChatServerThread/INFO]: [voicechat] Voice chat server started at port 24454
[02:34:10] [User Authenticator #0/INFO]: UUID of player Lastsamurai is 12f77f1f-1c8a-3c37-9e32-8784c4fa9c6a
[02:34:10] [Server thread/INFO]: [HorriblePlayerLoginEventHack] You have plugins listening to the PlayerLoginEvent, this will cause re-configuration APIs to be unavailable: [LuckPerms]
[02:34:15] [Server thread/INFO]: Lastsamurai joined the game
[02:34:15] [Server thread/INFO]: Lastsamurai[/100.107.190.122:55505] logged in with entity id 29 at ([world]5840.300000011921, 63.0, -4364.623110525616)
[02:34:17] [Server thread/INFO]: [voicechat] Received secret request of Lastsamurai (20)
[02:34:17] [Server thread/WARN]: [voicechat] Connected client Lastsamurai has incompatible voice chat version (server=18, client=20)
[03:14:54] [Server thread/INFO]: Lastsamurai has made the advancement [The Cutest Predator]
[03:51:49] [Server thread/INFO]: There are 1 of a max of 20 players online: Lastsamurai
